Using pre-set license
Built from '2021.3/staging' branch; Version is '2021.3.21f1 (1b156197d683) revision 1774945'; Using compiler version '192829333'; Build Type 'Release'
OS: 'Windows 10  (10.0.19045) 64bit Core' Language: 'pl' Physical Memory: 16327 MB
BatchMode: 1, IsHumanControllingUs: 0, StartBugReporterOnCrash: 0, Is64bit: 1, IsPro: 1

COMMAND LINE ARGUMENTS:
D:\Unity\2021.3.21f1\Editor\Unity.exe
-adb2
-batchMode
-noUpm
-name
AssetImportWorker0
-projectPath
D:/Unity Projects/LaserDefender
-logFile
Logs/AssetImportWorker0.log
-srvPort
50287
Successfully changed project path to: D:/Unity Projects/LaserDefender
D:/Unity Projects/LaserDefender
[UnityMemory] Configuration Parameters - Can be set up in boot.config
    "memorysetup-bucket-allocator-granularity=16"
    "memorysetup-bucket-allocator-bucket-count=8"
    "memorysetup-bucket-allocator-block-size=33554432"
    "memorysetup-bucket-allocator-block-count=8"
    "memorysetup-main-allocator-block-size=16777216"
    "memorysetup-thread-allocator-block-size=16777216"
    "memorysetup-gfx-main-allocator-block-size=16777216"
    "memorysetup-gfx-thread-allocator-block-size=16777216"
    "memorysetup-cache-allocator-block-size=4194304"
    "memorysetup-typetree-allocator-block-size=2097152"
    "memorysetup-profiler-bucket-allocator-granularity=16"
    "memorysetup-profiler-bucket-allocator-bucket-count=8"
    "memorysetup-profiler-bucket-allocator-block-size=33554432"
    "memorysetup-profiler-bucket-allocator-block-count=8"
    "memorysetup-profiler-allocator-block-size=16777216"
    "memorysetup-profiler-editor-allocator-block-size=1048576"
    "memorysetup-temp-allocator-size-main=16777216"
    "memorysetup-job-temp-allocator-block-size=2097152"
    "memorysetup-job-temp-allocator-block-size-background=1048576"
    "memorysetup-job-temp-allocator-reduction-small-platforms=262144"
    "memorysetup-temp-allocator-size-background-worker=32768"
    "memorysetup-temp-allocator-size-job-worker=262144"
    "memorysetup-temp-allocator-size-preload-manager=33554432"
    "memorysetup-temp-allocator-size-nav-mesh-worker=65536"
    "memorysetup-temp-allocator-size-audio-worker=65536"
    "memorysetup-temp-allocator-size-cloud-worker=32768"
    "memorysetup-temp-allocator-size-gi-baking-worker=262144"
    "memorysetup-temp-allocator-size-gfx=262144"
Player connection [17152] Host "[IP] 192.168.0.199 [Port] 0 [Flags] 2 [Guid] 2295790891 [EditorId] 2295790891 [Version] 1048832 [Id] WindowsEditor(7,DESKTOP-I8H0DMK) [Debug] 1 [PackageName] WindowsEditor [ProjectName] Editor" joined multi-casting on [225.0.0.222:54997]...

Player connection [17152] Host "[IP] 192.168.0.199 [Port] 0 [Flags] 2 [Guid] 2295790891 [EditorId] 2295790891 [Version] 1048832 [Id] WindowsEditor(7,DESKTOP-I8H0DMK) [Debug] 1 [PackageName] WindowsEditor [ProjectName] Editor" joined alternative multi-casting on [225.0.0.222:34997]...

Refreshing native plugins compatible for Editor in 122.53 ms, found 4 plugins.
Preloading 0 native plugins for Editor in 0.00 ms.
Initialize engine version: 2021.3.21f1 (1b156197d683)
[Subsystems] Discovering subsystems at path D:/Unity/2021.3.21f1/Editor/Data/Resources/UnitySubsystems
[Subsystems] Discovering subsystems at path D:/Unity Projects/LaserDefender/Assets
GfxDevice: creating device client; threaded=0; jobified=0
Direct3D:
    Version:  Direct3D 11.0 [level 11.1]
    Renderer: NVIDIA GeForce GTX 1050 Ti (ID=0x1c82)
    Vendor:   NVIDIA
    VRAM:     4017 MB
    Driver:   31.0.15.3130
Initialize mono
Mono path[0] = 'D:/Unity/2021.3.21f1/Editor/Data/Managed'
Mono path[1] = 'D:/Unity/2021.3.21f1/Editor/Data/MonoBleedingEdge/lib/mono/unityjit-win32'
Mono config path = 'D:/Unity/2021.3.21f1/Editor/Data/MonoBleedingEdge/etc'
Using monoOptions --debugger-agent=transport=dt_socket,embedding=1,server=y,suspend=n,address=127.0.0.1:56768
Begin MonoManager ReloadAssembly
Registering precompiled unity dll's ...
Register platform support module: D:/Unity/2021.3.21f1/Editor/Data/PlaybackEngines/WebGLSupport/UnityEditor.WebGL.Extensions.dll
Register platform support module: D:/Unity/2021.3.21f1/Editor/Data/PlaybackEngines/WindowsStandaloneSupport/UnityEditor.WindowsStandalone.Extensions.dll
Registered in 0.003946 seconds.
Native extension for WindowsStandalone target not found
Native extension for WebGL target not found
Refreshing native plugins compatible for Editor in 142.79 ms, found 4 plugins.
Preloading 0 native plugins for Editor in 0.00 ms.
Mono: successfully reloaded assembly
- Completed reload, in  0.915 seconds
Domain Reload Profiling:
	ReloadAssembly (915ms)
		BeginReloadAssembly (123ms)
			ExecutionOrderSort (0ms)
			DisableScriptedObjects (0ms)
			BackupInstance (0ms)
			ReleaseScriptingObjects (0ms)
			CreateAndSetChildDomain (1ms)
		EndReloadAssembly (677ms)
			LoadAssemblies (123ms)
			RebuildTransferFunctionScriptingTraits (0ms)
			SetupTypeCache (137ms)
			ReleaseScriptCaches (0ms)
			RebuildScriptCaches (47ms)
			SetupLoadedEditorAssemblies (414ms)
				LogAssemblyErrors (0ms)
				InitializePlatformSupportModulesInManaged (12ms)
				SetLoadedEditorAssemblies (1ms)
				RefreshPlugins (143ms)
				BeforeProcessingInitializeOnLoad (2ms)
				ProcessInitializeOnLoadAttributes (196ms)
				ProcessInitializeOnLoadMethodAttributes (60ms)
				AfterProcessingInitializeOnLoad (0ms)
				EditorAssembliesLoaded (0ms)
			ExecutionOrderSort2 (0ms)
			AwakeInstancesAfterBackupRestoration (0ms)
Platform modules already initialized, skipping
Registering precompiled user dll's ...
Registered in 0.009979 seconds.
Begin MonoManager ReloadAssembly
Native extension for WindowsStandalone target not found
Native extension for WebGL target not found
Refreshing native plugins compatible for Editor in 125.95 ms, found 4 plugins.
Preloading 0 native plugins for Editor in 0.00 ms.
Mono: successfully reloaded assembly
- Completed reload, in  1.585 seconds
Domain Reload Profiling:
	ReloadAssembly (1586ms)
		BeginReloadAssembly (186ms)
			ExecutionOrderSort (0ms)
			DisableScriptedObjects (9ms)
			BackupInstance (0ms)
			ReleaseScriptingObjects (0ms)
			CreateAndSetChildDomain (25ms)
		EndReloadAssembly (1255ms)
			LoadAssemblies (161ms)
			RebuildTransferFunctionScriptingTraits (0ms)
			SetupTypeCache (318ms)
			ReleaseScriptCaches (1ms)
			RebuildScriptCaches (82ms)
			SetupLoadedEditorAssemblies (673ms)
				LogAssemblyErrors (0ms)
				InitializePlatformSupportModulesInManaged (6ms)
				SetLoadedEditorAssemblies (0ms)
				RefreshPlugins (126ms)
				BeforeProcessingInitializeOnLoad (120ms)
				ProcessInitializeOnLoadAttributes (372ms)
				ProcessInitializeOnLoadMethodAttributes (45ms)
				AfterProcessingInitializeOnLoad (4ms)
				EditorAssembliesLoaded (0ms)
			ExecutionOrderSort2 (0ms)
			AwakeInstancesAfterBackupRestoration (8ms)
Platform modules already initialized, skipping
========================================================================
Worker process is ready to serve import requests
Launched and connected shader compiler UnityShaderCompiler.exe after 0.05 seconds
Refreshing native plugins compatible for Editor in 0.83 ms, found 4 plugins.
Preloading 0 native plugins for Editor in 0.00 ms.
Unloading 4079 Unused Serialized files (Serialized files now loaded: 0)
Unloading 44 unused Assets / (228.8 KB). Loaded Objects now: 4533.
Memory consumption went from 156.0 MB to 155.8 MB.
Total: 4.169200 ms (FindLiveObjects: 0.432200 ms CreateObjectMapping: 0.420900 ms MarkObjects: 3.129100 ms  DeleteObjects: 0.185800 ms)

AssetImportParameters requested are different than current active one (requested -> active):
  custom:video-decoder-ogg-theora: a1e56fd34408186e4bbccfd4996cb3dc -> 
  custom:container-muxer-webm: aa71ff27fc2769a1b78a27578f13a17b -> 
  custom:container-demuxer-webm: 4f35f7cbe854078d1ac9338744f61a02 -> 
  custom:video-encoder-webm-vp8: eb34c28f22e8b96e1ab97ce403110664 -> 
  custom:video-codec-MediaFoundation-h265: e54d7ab0439102e2317fc1e4b246158d -> 
  custom:audio-encoder-webm-vorbis: bf7c407c2cedff20999df2af8eb42d56 -> 
  custom:framework-win-MediaFoundation: 216162199b28c13a410421893ffa2e32 -> 
  custom:container-demuxer-ogg: 62fdf1f143b41e24485cea50d1cbac27 -> 
  custom:video-decoder-webm-vp8: 9c59270c3fd7afecdb556c50c9e8de78 -> 
  custom:audio-decoder-ogg-vorbis: bf7c407c2cedff20999df2af8eb42d56 -> 
========================================================================
Received Import Request.
  Time since last request: 44477.757707 seconds.
  path: Assets/Asset Packs
  artifactKey: Guid(8f358491b81098340aa42aca1382adfe) Importer(815301076,1909f56bfc062723c751e8b465ee728b)
Start importing Assets/Asset Packs using Guid(8f358491b81098340aa42aca1382adfe) Importer(815301076,1909f56bfc062723c751e8b465ee728b)  -> (artifact id: '3898dfd68aa6dcec53c2c507cd22314c') in 0.013943 seconds 
========================================================================
Received Import Request.
  Time since last request: 0.000026 seconds.
  path: Assets/Asset Packs/starfield.png
  artifactKey: Guid(02343505f309cce4e9235250a1f45dc1) Importer(815301076,1909f56bfc062723c751e8b465ee728b)
Start importing Assets/Asset Packs/starfield.png using Guid(02343505f309cce4e9235250a1f45dc1) Importer(815301076,1909f56bfc062723c751e8b465ee728b)  -> (artifact id: '9c01c26d4782a520e51483840920b341') in 0.467837 seconds 
========================================================================
Received Import Request.
  Time since last request: 2.206852 seconds.
  path: Assets/Asset Packs/starfield 1.png
  artifactKey: Guid(f4f18d26cf80aae408f32dc0f9e0f46e) Importer(815301076,1909f56bfc062723c751e8b465ee728b)
Start importing Assets/Asset Packs/starfield 1.png using Guid(f4f18d26cf80aae408f32dc0f9e0f46e) Importer(815301076,1909f56bfc062723c751e8b465ee728b)  -> (artifact id: 'a1a8ea9cbc99de65ef4303fa5c1b039b') in 0.300790 seconds 
========================================================================
Received Import Request.
  Time since last request: 14.058928 seconds.
  path: Assets/starfield.png
  artifactKey: Guid(5afa455ef404c4a4b928062e59b1d8cd) Importer(815301076,1909f56bfc062723c751e8b465ee728b)
Start importing Assets/starfield.png using Guid(5afa455ef404c4a4b928062e59b1d8cd) Importer(815301076,1909f56bfc062723c751e8b465ee728b)  -> (artifact id: '07ad30ea389b294693d3dcf9b569340b') in 0.280334 seconds 
========================================================================
Received Import Request.
  Time since last request: 68.749236 seconds.
  path: Assets
  artifactKey: Guid(00000000000000001000000000000000) Importer(815301076,1909f56bfc062723c751e8b465ee728b)
Start importing Assets using Guid(00000000000000001000000000000000) Importer(815301076,1909f56bfc062723c751e8b465ee728b)  -> (artifact id: '79842766b460edbeab6a34051e857a80') in 0.011484 seconds 
========================================================================
Received Import Request.
  Time since last request: 8.437939 seconds.
  path: Assets/Sprites
  artifactKey: Guid(294ee5ed32162054283ad184bd67c259) Importer(815301076,1909f56bfc062723c751e8b465ee728b)
Start importing Assets/Sprites using Guid(294ee5ed32162054283ad184bd67c259) Importer(815301076,1909f56bfc062723c751e8b465ee728b)  -> (artifact id: '8b001104acd84a1c9406402681d0770c') in 0.009078 seconds 
========================================================================
Received Import Request.
  Time since last request: 34.026208 seconds.
  path: Assets/Sprites/playerShip1_blue.png
  artifactKey: Guid(d7866938f18f45546892ac255dc6f2ab) Importer(815301076,1909f56bfc062723c751e8b465ee728b)
Start importing Assets/Sprites/playerShip1_blue.png using Guid(d7866938f18f45546892ac255dc6f2ab) Importer(815301076,1909f56bfc062723c751e8b465ee728b)  -> (artifact id: '6b9b2c2f7e68348eb1e22a83f0c64f0c') in 0.094978 seconds 
========================================================================
Received Import Request.
  Time since last request: 0.000028 seconds.
  path: Assets/Sprites/ufoGreen.png
  artifactKey: Guid(a3529767236a37448b06090778c80044) Importer(815301076,1909f56bfc062723c751e8b465ee728b)
Start importing Assets/Sprites/ufoGreen.png using Guid(a3529767236a37448b06090778c80044) Importer(815301076,1909f56bfc062723c751e8b465ee728b)  -> (artifact id: '44c70f3a230f0933296b160e7e97bb0c') in 0.024018 seconds 
========================================================================
Received Import Request.
  Time since last request: 0.000026 seconds.
  path: Assets/Sprites/playerShip2_green.png
  artifactKey: Guid(b1a24a3958dc6ec48a6eeff25fcf01eb) Importer(815301076,1909f56bfc062723c751e8b465ee728b)
Start importing Assets/Sprites/playerShip2_green.png using Guid(b1a24a3958dc6ec48a6eeff25fcf01eb) Importer(815301076,1909f56bfc062723c751e8b465ee728b)  -> (artifact id: '148b0dfdc3c587898f7bba109bd644cd') in 0.017399 seconds 
========================================================================
Received Import Request.
  Time since last request: 0.000034 seconds.
  path: Assets/Sprites/playerShip3_green.png
  artifactKey: Guid(df9b5ba042b606f499f31e131d272752) Importer(815301076,1909f56bfc062723c751e8b465ee728b)
Start importing Assets/Sprites/playerShip3_green.png using Guid(df9b5ba042b606f499f31e131d272752) Importer(815301076,1909f56bfc062723c751e8b465ee728b)  -> (artifact id: '726c424c43ce4fdfceec764b34850123') in 0.017034 seconds 
========================================================================
Received Import Request.
  Time since last request: 0.000039 seconds.
  path: Assets/Sprites/playerShip2_red.png
  artifactKey: Guid(3c15675939670804aa45a5465a5a3223) Importer(815301076,1909f56bfc062723c751e8b465ee728b)
Start importing Assets/Sprites/playerShip2_red.png using Guid(3c15675939670804aa45a5465a5a3223) Importer(815301076,1909f56bfc062723c751e8b465ee728b)  -> (artifact id: 'c7329a329509cd92054bea9b070daeae') in 0.018548 seconds 
========================================================================
Received Import Request.
  Time since last request: 0.000028 seconds.
  path: Assets/Sprites/playerShip2_orange.png
  artifactKey: Guid(4553a5842f549234c86293b700085b7d) Importer(815301076,1909f56bfc062723c751e8b465ee728b)
Start importing Assets/Sprites/playerShip2_orange.png using Guid(4553a5842f549234c86293b700085b7d) Importer(815301076,1909f56bfc062723c751e8b465ee728b)  -> (artifact id: '57209de411499932fb353d761a656f94') in 0.021241 seconds 
========================================================================
Received Import Request.
  Time since last request: 0.000042 seconds.
  path: Assets/Sprites/playerShip3_blue.png
  artifactKey: Guid(ed7d8ae65bd40f343bae652ad9ed738a) Importer(815301076,1909f56bfc062723c751e8b465ee728b)
Start importing Assets/Sprites/playerShip3_blue.png using Guid(ed7d8ae65bd40f343bae652ad9ed738a) Importer(815301076,1909f56bfc062723c751e8b465ee728b)  -> (artifact id: 'e380dd93e574366bb1382e9cf2550a82') in 0.015824 seconds 
========================================================================
Received Import Request.
  Time since last request: 0.000029 seconds.
  path: Assets/Sprites/ufoYellow.png
  artifactKey: Guid(377d6e535ddab064f919c6aca9d55fc4) Importer(815301076,1909f56bfc062723c751e8b465ee728b)
Start importing Assets/Sprites/ufoYellow.png using Guid(377d6e535ddab064f919c6aca9d55fc4) Importer(815301076,1909f56bfc062723c751e8b465ee728b)  -> (artifact id: '94972d36b72cb64fee9768e46950b874') in 0.014235 seconds 
========================================================================
Received Import Request.
  Time since last request: 0.000023 seconds.
  path: Assets/Sprites/playerShip3_orange.png
  artifactKey: Guid(18fdebf089b34a24883015c252b67322) Importer(815301076,1909f56bfc062723c751e8b465ee728b)
Start importing Assets/Sprites/playerShip3_orange.png using Guid(18fdebf089b34a24883015c252b67322) Importer(815301076,1909f56bfc062723c751e8b465ee728b)  -> (artifact id: 'fca74c539e3d8b21e39626efff2c4222') in 0.016670 seconds 
========================================================================
Received Import Request.
  Time since last request: 0.000028 seconds.
  path: Assets/Sprites/playerShip1_red.png
  artifactKey: Guid(70c2b92e834a900498ec65a41ecef82c) Importer(815301076,1909f56bfc062723c751e8b465ee728b)
Start importing Assets/Sprites/playerShip1_red.png using Guid(70c2b92e834a900498ec65a41ecef82c) Importer(815301076,1909f56bfc062723c751e8b465ee728b)  -> (artifact id: '9aeb6af999554c1f0629be1d39e6da47') in 0.014877 seconds 
========================================================================
Received Import Request.
  Time since last request: 0.000031 seconds.
  path: Assets/Sprites/playerShip1_green.png
  artifactKey: Guid(60caa0bb112841d4b8d3b03845aabbab) Importer(815301076,1909f56bfc062723c751e8b465ee728b)
Start importing Assets/Sprites/playerShip1_green.png using Guid(60caa0bb112841d4b8d3b03845aabbab) Importer(815301076,1909f56bfc062723c751e8b465ee728b)  -> (artifact id: '6a6bd00b84ec0bd28df233f3698121d5') in 0.020943 seconds 
========================================================================
Received Import Request.
  Time since last request: 0.000031 seconds.
  path: Assets/Sprites/ufoRed.png
  artifactKey: Guid(3fcaa122aad8dae4da9d207ca385c6cb) Importer(815301076,1909f56bfc062723c751e8b465ee728b)
Start importing Assets/Sprites/ufoRed.png using Guid(3fcaa122aad8dae4da9d207ca385c6cb) Importer(815301076,1909f56bfc062723c751e8b465ee728b)  -> (artifact id: '79e80a464ecc6b764411ad17909b5fa8') in 0.015823 seconds 
========================================================================
Received Import Request.
  Time since last request: 0.000026 seconds.
  path: Assets/Sprites/playerShip1_orange.png
  artifactKey: Guid(881f0c28965a7054f9bbefe309dcb968) Importer(815301076,1909f56bfc062723c751e8b465ee728b)
Start importing Assets/Sprites/playerShip1_orange.png using Guid(881f0c28965a7054f9bbefe309dcb968) Importer(815301076,1909f56bfc062723c751e8b465ee728b)  -> (artifact id: 'f4b59b1df4389fae5d10593c9c723d19') in 0.014384 seconds 
========================================================================
Received Import Request.
  Time since last request: 0.000024 seconds.
  path: Assets/Sprites/playerShip2_blue.png
  artifactKey: Guid(94112f01d90a135419ceff245b9bf837) Importer(815301076,1909f56bfc062723c751e8b465ee728b)
Start importing Assets/Sprites/playerShip2_blue.png using Guid(94112f01d90a135419ceff245b9bf837) Importer(815301076,1909f56bfc062723c751e8b465ee728b)  -> (artifact id: 'ae1b3e351956c17cdb0a858e69b7672f') in 0.020297 seconds 
========================================================================
Received Import Request.
  Time since last request: 0.000040 seconds.
  path: Assets/Sprites/ufoBlue.png
  artifactKey: Guid(b12857f685dbce147bbe6750649201c5) Importer(815301076,1909f56bfc062723c751e8b465ee728b)
Start importing Assets/Sprites/ufoBlue.png using Guid(b12857f685dbce147bbe6750649201c5) Importer(815301076,1909f56bfc062723c751e8b465ee728b)  -> (artifact id: 'aa671698371d29ac1ee690ed84802de0') in 0.014313 seconds 
========================================================================
Received Import Request.
  Time since last request: 0.000022 seconds.
  path: Assets/Sprites/playerShip3_red.png
  artifactKey: Guid(fd14971b2a5e91e4b9f60f67bf911002) Importer(815301076,1909f56bfc062723c751e8b465ee728b)
Start importing Assets/Sprites/playerShip3_red.png using Guid(fd14971b2a5e91e4b9f60f67bf911002) Importer(815301076,1909f56bfc062723c751e8b465ee728b)  -> (artifact id: '0bf96bc40c46efc270358700c34f4633') in 0.013414 seconds 
========================================================================
Received Import Request.
  Time since last request: 12.200408 seconds.
  path: Assets/Sprites/Enemies
  artifactKey: Guid(d68850f0c6dd26d4294f30bba20ca7ef) Importer(815301076,1909f56bfc062723c751e8b465ee728b)
Start importing Assets/Sprites/Enemies using Guid(d68850f0c6dd26d4294f30bba20ca7ef) Importer(815301076,1909f56bfc062723c751e8b465ee728b)  -> (artifact id: 'e0ca2e8deebeb0fa53f0c49b569f600c') in 0.010127 seconds 
========================================================================
Received Import Request.
  Time since last request: 0.046061 seconds.
  path: Assets/Sprites/Enemies/enemyBlack1.png
  artifactKey: Guid(b11befbebc338cf45bc1fb2f2789e0b4) Importer(815301076,1909f56bfc062723c751e8b465ee728b)
Start importing Assets/Sprites/Enemies/enemyBlack1.png using Guid(b11befbebc338cf45bc1fb2f2789e0b4) Importer(815301076,1909f56bfc062723c751e8b465ee728b)  -> (artifact id: 'cddd597efa7e0ecfe37cae5684a5dbcf') in 0.019972 seconds 
========================================================================
Received Import Request.
  Time since last request: 0.000019 seconds.
  path: Assets/Sprites/Enemies/enemyRed3.png
  artifactKey: Guid(529ce2794d2ad7242b084b525e9fd4fe) Importer(815301076,1909f56bfc062723c751e8b465ee728b)
Start importing Assets/Sprites/Enemies/enemyRed3.png using Guid(529ce2794d2ad7242b084b525e9fd4fe) Importer(815301076,1909f56bfc062723c751e8b465ee728b)  -> (artifact id: '38eb87da3adf53bdfb790d9876db76f7') in 0.020077 seconds 
========================================================================
Received Import Request.
  Time since last request: 0.000024 seconds.
  path: Assets/Sprites/Enemies/enemyBlack2.png
  artifactKey: Guid(d786d7c2d940f4840b50e0d9560b30cd) Importer(815301076,1909f56bfc062723c751e8b465ee728b)
Start importing Assets/Sprites/Enemies/enemyBlack2.png using Guid(d786d7c2d940f4840b50e0d9560b30cd) Importer(815301076,1909f56bfc062723c751e8b465ee728b)  -> (artifact id: '8e39f16fcf2243fd6ad661813cb0033b') in 0.022848 seconds 
========================================================================
Received Import Request.
  Time since last request: 0.000049 seconds.
  path: Assets/Sprites/Enemies/enemyRed5.png
  artifactKey: Guid(ca62a83eaa67ab748b54340dd476b28f) Importer(815301076,1909f56bfc062723c751e8b465ee728b)
Start importing Assets/Sprites/Enemies/enemyRed5.png using Guid(ca62a83eaa67ab748b54340dd476b28f) Importer(815301076,1909f56bfc062723c751e8b465ee728b)  -> (artifact id: 'bc8d571551e319fb3227651b09676c8a') in 0.018615 seconds 
========================================================================
Received Import Request.
  Time since last request: 0.000066 seconds.
  path: Assets/Sprites/Enemies/enemyBlack3.png
  artifactKey: Guid(298c0431684b1b242bd5b2c3511bfa86) Importer(815301076,1909f56bfc062723c751e8b465ee728b)
Start importing Assets/Sprites/Enemies/enemyBlack3.png using Guid(298c0431684b1b242bd5b2c3511bfa86) Importer(815301076,1909f56bfc062723c751e8b465ee728b)  -> (artifact id: '1ad32429fae2685250a0e9813630463b') in 0.019047 seconds 
========================================================================
Received Import Request.
  Time since last request: 0.000028 seconds.
  path: Assets/Sprites/Enemies/enemyBlue1.png
  artifactKey: Guid(e36c35463876f96469f9d5fdf4246136) Importer(815301076,1909f56bfc062723c751e8b465ee728b)
Start importing Assets/Sprites/Enemies/enemyBlue1.png using Guid(e36c35463876f96469f9d5fdf4246136) Importer(815301076,1909f56bfc062723c751e8b465ee728b)  -> (artifact id: 'ddf49c6b190528170a34c59f205e3638') in 0.019309 seconds 
========================================================================
Received Import Request.
  Time since last request: 0.000029 seconds.
  path: Assets/Sprites/Enemies/enemyBlue5.png
  artifactKey: Guid(f0b27f0400a0f35428928adbdea523aa) Importer(815301076,1909f56bfc062723c751e8b465ee728b)
Start importing Assets/Sprites/Enemies/enemyBlue5.png using Guid(f0b27f0400a0f35428928adbdea523aa) Importer(815301076,1909f56bfc062723c751e8b465ee728b)  -> (artifact id: '248b16b1f7ac094c96cfa84553e1dd2f') in 0.016123 seconds 
========================================================================
Received Import Request.
  Time since last request: 0.000029 seconds.
  path: Assets/Sprites/Enemies/enemyBlue3.png
  artifactKey: Guid(82f3bda528fcbc840b9cc0fca64701f7) Importer(815301076,1909f56bfc062723c751e8b465ee728b)
Start importing Assets/Sprites/Enemies/enemyBlue3.png using Guid(82f3bda528fcbc840b9cc0fca64701f7) Importer(815301076,1909f56bfc062723c751e8b465ee728b)  -> (artifact id: '274a756ee4b49bdd04a0ee64d5e1896a') in 0.019172 seconds 
========================================================================
Received Import Request.
  Time since last request: 0.000032 seconds.
  path: Assets/Sprites/Enemies/enemyBlack4.png
  artifactKey: Guid(5e734e22899e36f4faa67165349c6acf) Importer(815301076,1909f56bfc062723c751e8b465ee728b)
Start importing Assets/Sprites/Enemies/enemyBlack4.png using Guid(5e734e22899e36f4faa67165349c6acf) Importer(815301076,1909f56bfc062723c751e8b465ee728b)  -> (artifact id: '229fb08db5ac890ab164001e440e40fa') in 0.017553 seconds 
========================================================================
Received Import Request.
  Time since last request: 0.000027 seconds.
  path: Assets/Sprites/Enemies/enemyBlack5.png
  artifactKey: Guid(3e8d63a505d87d8459fcef0f9b4e1cf9) Importer(815301076,1909f56bfc062723c751e8b465ee728b)
Start importing Assets/Sprites/Enemies/enemyBlack5.png using Guid(3e8d63a505d87d8459fcef0f9b4e1cf9) Importer(815301076,1909f56bfc062723c751e8b465ee728b)  -> (artifact id: 'fa720c3f4caf4de025e1081ec653c8af') in 0.019130 seconds 
========================================================================
Received Import Request.
  Time since last request: 0.000029 seconds.
  path: Assets/Sprites/Enemies/enemyGreen4.png
  artifactKey: Guid(42baafe56243d78469cb4e2d4e2cdde7) Importer(815301076,1909f56bfc062723c751e8b465ee728b)
Start importing Assets/Sprites/Enemies/enemyGreen4.png using Guid(42baafe56243d78469cb4e2d4e2cdde7) Importer(815301076,1909f56bfc062723c751e8b465ee728b)  -> (artifact id: 'eb1d9a547370156addfd7a74d0b0a211') in 0.017248 seconds 
========================================================================
Received Import Request.
  Time since last request: 0.000037 seconds.
  path: Assets/Sprites/Enemies/enemyGreen3.png
  artifactKey: Guid(701dd36d82b234149a772c5ffcb59ba9) Importer(815301076,1909f56bfc062723c751e8b465ee728b)
Start importing Assets/Sprites/Enemies/enemyGreen3.png using Guid(701dd36d82b234149a772c5ffcb59ba9) Importer(815301076,1909f56bfc062723c751e8b465ee728b)  -> (artifact id: 'c38c67f94c2b03b0c82b628f45514de8') in 0.017521 seconds 
========================================================================
Received Import Request.
  Time since last request: 0.000023 seconds.
  path: Assets/Sprites/Enemies/enemyGreen1.png
  artifactKey: Guid(963faa713242ea341baab6496c91d869) Importer(815301076,1909f56bfc062723c751e8b465ee728b)
Start importing Assets/Sprites/Enemies/enemyGreen1.png using Guid(963faa713242ea341baab6496c91d869) Importer(815301076,1909f56bfc062723c751e8b465ee728b)  -> (artifact id: 'b5bcb3ef6914ff813195c6ac91352bf7') in 0.017146 seconds 
========================================================================
Received Import Request.
  Time since last request: 0.000036 seconds.
  path: Assets/Sprites/Enemies/enemyRed4.png
  artifactKey: Guid(749dc2d1014acbc44884c7dcbe53150a) Importer(815301076,1909f56bfc062723c751e8b465ee728b)
Start importing Assets/Sprites/Enemies/enemyRed4.png using Guid(749dc2d1014acbc44884c7dcbe53150a) Importer(815301076,1909f56bfc062723c751e8b465ee728b)  -> (artifact id: '514cbbf03dc540d8810029b95112716d') in 0.018743 seconds 
========================================================================
Received Import Request.
  Time since last request: 0.000070 seconds.
  path: Assets/Sprites/Enemies/enemyRed2.png
  artifactKey: Guid(121220864c162f14084b16abf5ed92fd) Importer(815301076,1909f56bfc062723c751e8b465ee728b)
Start importing Assets/Sprites/Enemies/enemyRed2.png using Guid(121220864c162f14084b16abf5ed92fd) Importer(815301076,1909f56bfc062723c751e8b465ee728b)  -> (artifact id: 'aedbc1aecc75b61db25e94a1e3738a0f') in 0.022685 seconds 
========================================================================
Received Import Request.
  Time since last request: 0.000026 seconds.
  path: Assets/Sprites/Enemies/enemyRed1.png
  artifactKey: Guid(0662119432f150741aae5202b11c5e93) Importer(815301076,1909f56bfc062723c751e8b465ee728b)
Start importing Assets/Sprites/Enemies/enemyRed1.png using Guid(0662119432f150741aae5202b11c5e93) Importer(815301076,1909f56bfc062723c751e8b465ee728b)  -> (artifact id: '0bf50e569e343f84bbd3b90718adcf99') in 0.020516 seconds 
========================================================================
Received Import Request.
  Time since last request: 0.000033 seconds.
  path: Assets/Sprites/Enemies/enemyBlue4.png
  artifactKey: Guid(9980c59597135b74894403d620a5a656) Importer(815301076,1909f56bfc062723c751e8b465ee728b)
Start importing Assets/Sprites/Enemies/enemyBlue4.png using Guid(9980c59597135b74894403d620a5a656) Importer(815301076,1909f56bfc062723c751e8b465ee728b)  -> (artifact id: '9688e87cfb80316d02c6932a8a945efc') in 0.020586 seconds 
========================================================================
Received Import Request.
  Time since last request: 0.000030 seconds.
  path: Assets/Sprites/Enemies/enemyBlue2.png
  artifactKey: Guid(ad6b0f3b7643a83439f01b984b405aa1) Importer(815301076,1909f56bfc062723c751e8b465ee728b)
Start importing Assets/Sprites/Enemies/enemyBlue2.png using Guid(ad6b0f3b7643a83439f01b984b405aa1) Importer(815301076,1909f56bfc062723c751e8b465ee728b)  -> (artifact id: '01566dcfb2252067747cae7f07313d46') in 0.016023 seconds 
========================================================================
Received Import Request.
  Time since last request: 0.000024 seconds.
  path: Assets/Sprites/Enemies/enemyGreen2.png
  artifactKey: Guid(fc69b1f799372da409baf0057a5c5a7b) Importer(815301076,1909f56bfc062723c751e8b465ee728b)
Start importing Assets/Sprites/Enemies/enemyGreen2.png using Guid(fc69b1f799372da409baf0057a5c5a7b) Importer(815301076,1909f56bfc062723c751e8b465ee728b)  -> (artifact id: '63b2a927a8578f48540f67f918c85556') in 0.018545 seconds 
========================================================================
Received Import Request.
  Time since last request: 0.000029 seconds.
  path: Assets/Sprites/Enemies/enemyGreen5.png
  artifactKey: Guid(9c2fc3e81661c3c46bc70dd9fc7aaf54) Importer(815301076,1909f56bfc062723c751e8b465ee728b)
Start importing Assets/Sprites/Enemies/enemyGreen5.png using Guid(9c2fc3e81661c3c46bc70dd9fc7aaf54) Importer(815301076,1909f56bfc062723c751e8b465ee728b)  -> (artifact id: 'e59e2b788e64db9fecab744b7a595313') in 0.019012 seconds 
========================================================================
Received Import Request.
  Time since last request: 209.707429 seconds.
  path: Assets/Prefabs
  artifactKey: Guid(965269eab4eb6d24686929419b55ee7b) Importer(815301076,1909f56bfc062723c751e8b465ee728b)
Start importing Assets/Prefabs using Guid(965269eab4eb6d24686929419b55ee7b) Importer(815301076,1909f56bfc062723c751e8b465ee728b)  -> (artifact id: '8633b5158898a20efaccd43df20361f4') in 0.010912 seconds 
========================================================================
Received Import Request.
  Time since last request: 39.746798 seconds.
  path: Assets/Prefabs/Player.prefab
  artifactKey: Guid(b9d73fac1f83b5e4d99643e3dec0d3e6) Importer(815301076,1909f56bfc062723c751e8b465ee728b)
Start importing Assets/Prefabs/Player.prefab using Guid(b9d73fac1f83b5e4d99643e3dec0d3e6) Importer(815301076,1909f56bfc062723c751e8b465ee728b)  -> (artifact id: 'b38674fb165d2b3874af3415cd00c354') in 0.160288 seconds 
========================================================================
Received Import Request.
  Time since last request: 47.667037 seconds.
  path: ProjectSettings/TagManager.asset
  artifactKey: Guid(00000000000000003000000000000000) Importer(815301076,1909f56bfc062723c751e8b465ee728b)
Start importing ProjectSettings/TagManager.asset using Guid(00000000000000003000000000000000) Importer(815301076,1909f56bfc062723c751e8b465ee728b)  -> (artifact id: '5f74b9f0782f3ffe8a654b2b60a9f33c') in 0.009486 seconds 
========================================================================
Received Import Request.
  Time since last request: 156.706760 seconds.
  path: Assets/Prefabs/Enemy.prefab
  artifactKey: Guid(0f962def396adcd4f8dd8b837b893fb6) Importer(815301076,1909f56bfc062723c751e8b465ee728b)
Start importing Assets/Prefabs/Enemy.prefab using Guid(0f962def396adcd4f8dd8b837b893fb6) Importer(815301076,1909f56bfc062723c751e8b465ee728b)  -> (artifact id: 'd205640a5a25796dbce44b6301cf52d5') in 0.015521 seconds 
